android/build/outputs/logs/manifest-merger-debug-report.txt
-- Merging decision tree log ---
manifest
ADDED from Durhack/android/AndroidManifest.xml:2:1-25:12
INJECTED from Durhack/android/AndroidManifest.xml:2:1-25:12
INJECTED from Durhack/android/AndroidManifest.xml:2:1-25:12
INJECTED from Durhack/android/AndroidManifest.xml:2:1-25:12
INJECTED from Durhack/android/AndroidManifest.xml:2:1-25:12
INJECTED from Durhack/android/AndroidManifest.xml:2:1-25:12
INJECTED from Durhack/android/AndroidManifest.xml:2:1-25:12
	package
		ADDED from Durhack/android/AndroidManifest.xml:4:5-39
		INJECTED from Durhack/android/AndroidManifest.xml
		INJECTED from Durhack/android/AndroidManifest.xml
	android:versionName
		INJECTED from Durhack/android/AndroidManifest.xml
		ADDED from Durhack/android/AndroidManifest.xml:2:1-25:12
		INJECTED from Durhack/android/AndroidManifest.xml
	xmlns:tools
		ADDED from Durhack/android/AndroidManifest.xml:3:5-51
	android:versionCode
		INJECTED from Durhack/android/AndroidManifest.xml
		ADDED from Durhack/android/AndroidManifest.xml:2:1-25:12
		INJECTED from Durhack/android/AndroidManifest.xml
	xmlns:android
		ADDED from Durhack/android/AndroidManifest.xml:2:11-69
application
ADDED from Durhack/android/AndroidManifest.xml:7:5-23:19
	android:label
		ADDED from Durhack/android/AndroidManifest.xml:10:9-41
	tools:ignore
		ADDED from Durhack/android/AndroidManifest.xml:12:9-48
	android:icon
		ADDED from Durhack/android/AndroidManifest.xml:9:9-45
	android:allowBackup
		ADDED from Durhack/android/AndroidManifest.xml:8:9-35
	android:theme
		ADDED from Durhack/android/AndroidManifest.xml:11:9-40
activity#com.lukategames.spaceark.AndroidLauncher
ADDED from Durhack/android/AndroidManifest.xml:13:9-22:20
	android:screenOrientation
		ADDED from Durhack/android/AndroidManifest.xml:16:13-49
	android:label
		ADDED from Durhack/android/AndroidManifest.xml:15:13-45
	android:configChanges
		ADDED from Durhack/android/AndroidManifest.xml:17:13-107
	android:name
		ADDED from Durhack/android/AndroidManifest.xml:14:13-68
intent-filter#action:name:android.intent.action.MAIN+category:name:android.intent.category.LAUNCHER
ADDED from Durhack/android/AndroidManifest.xml:18:13-21:29
action#android.intent.action.MAIN
ADDED from Durhack/android/AndroidManifest.xml:19:17-69
	android:name
		ADDED from Durhack/android/AndroidManifest.xml:19:25-66
category#android.intent.category.LAUNCHER
ADDED from Durhack/android/AndroidManifest.xml:20:17-77
	android:name
		ADDED from Durhack/android/AndroidManifest.xml:20:27-74
uses-sdk
INJECTED from Durhack/android/AndroidManifest.xml reason: use-sdk injection requested
INJECTED from Durhack/android/AndroidManifest.xml
INJECTED from Durhack/android/AndroidManifest.xml
INJECTED from Durhack/android/AndroidManifest.xml
INJECTED from Durhack/android/AndroidManifest.xml
	android:targetSdkVersion
		INJECTED from Durhack/android/AndroidManifest.xml
		ADDED from Durhack/android/AndroidManifest.xml
		INJECTED from Durhack/android/AndroidManifest.xml
	android:minSdkVersion
		INJECTED from Durhack/android/AndroidManifest.xml
		ADDED from Durhack/android/AndroidManifest.xml
		INJECTED from Durhack/android/AndroidManifest.xml